  main.cpp
f:\project\unity\shader\opengltest\resp\demo\demo\tgaimage.h(58): warning C4244: “=”: 从“float”转换到“unsigned char”，可能丢失数据
f:\project\unity\shader\opengltest\resp\demo\demo\main.cpp(30): warning C4244: “初始化”: 从“double”转换到“int”，可能丢失数据
f:\project\unity\shader\opengltest\resp\demo\demo\main.cpp(56): warning C4244: “参数”: 从“int”转换到“T”，可能丢失数据
          with
          [
              T=float
          ]
f:\project\unity\shader\opengltest\resp\demo\demo\main.cpp(72): warning C4244: “参数”: 从“T”转换到“int”，可能丢失数据
          with
          [
              T=float
          ]
f:\project\unity\shader\opengltest\resp\demo\demo\main.cpp(79): warning C4244: “参数”: 从“int”转换到“T”，可能丢失数据
          with
          [
              T=float
          ]
  model.cpp
  tgaimage.cpp
f:\project\unity\shader\opengltest\resp\demo\demo\tgaimage.h(58): warning C4244: “=”: 从“float”转换到“unsigned char”，可能丢失数据
  正在生成代码...
  demo.vcxproj -> F:\Project\Unity\Shader\OpenGLTest\Resp\demo\x64\Debug\demo.exe
